<?xml version="1.0" encoding="UTF-8"?>
<testsuite xmlns:xsi="http://www.w3.org/2001/XMLSchema-instance" xsi:noNamespaceSchemaLocation="https://maven.apache.org/surefire/maven-surefire-plugin/xsd/surefire-test-report-3.0.xsd" version="3.0" name="com.vaadin.tutorial.addressbook.AddressbookUITest" time="0.526" tests="2" errors="0" skipped="0" failures="0">
  <properties>
    <property name="java.specification.version" value="17"/>
    <property name="sun.jnu.encoding" value="UTF-8"/>
    <property name="java.class.path" value="/home/ubuntu/CapstonePrj/addressbook/target/test-classes:/home/ubuntu/CapstonePrj/addressbook/target/classes:/home/ubuntu/.m2/repository/org/junit/jupiter/junit-jupiter-engine/5.9.2/junit-jupiter-engine-5.9.2.jar:/home/ubuntu/.m2/repository/org/junit/platform/junit-platform-engine/1.9.2/junit-platform-engine-1.9.2.jar:/home/ubuntu/.m2/repository/org/opentest4j/opentest4j/1.2.0/opentest4j-1.2.0.jar:/home/ubuntu/.m2/repository/org/junit/platform/junit-platform-commons/1.9.2/junit-platform-commons-1.9.2.jar:/home/ubuntu/.m2/repository/org/junit/jupiter/junit-jupiter-api/5.9.2/junit-jupiter-api-5.9.2.jar:/home/ubuntu/.m2/repository/org/apiguardian/apiguardian-api/1.1.2/apiguardian-api-1.1.2.jar:/home/ubuntu/.m2/repository/com/vaadin/vaadin-compatibility-server/8.0.0.alpha2/vaadin-compatibility-server-8.0.0.alpha2.jar:/home/ubuntu/.m2/repository/com/vaadin/vaadin-server/8.0.0.alpha2/vaadin-server-8.0.0.alpha2.jar:/home/ubuntu/.m2/repository/com/vaadin/vaadin-sass-compiler/0.9.13/vaadin-sass-compiler-0.9.13.jar:/home/ubuntu/.m2/repository/org/w3c/css/sac/1.3/sac-1.3.jar:/home/ubuntu/.m2/repository/com/vaadin/external/flute/flute/1.3.0.gg2/flute-1.3.0.gg2.jar:/home/ubuntu/.m2/repository/com/yahoo/platform/yui/yuicompressor/2.4.8/yuicompressor-2.4.8.jar:/home/ubuntu/.m2/repository/rhino/js/1.7R2/js-1.7R2.jar:/home/ubuntu/.m2/repository/org/jsoup/jsoup/1.8.3/jsoup-1.8.3.jar:/home/ubuntu/.m2/repository/com/vaadin/vaadin-compatibility-shared/8.0.0.alpha2/vaadin-compatibility-shared-8.0.0.alpha2.jar:/home/ubuntu/.m2/repository/com/vaadin/vaadin-shared/8.0.0.alpha2/vaadin-shared-8.0.0.alpha2.jar:/home/ubuntu/.m2/repository/com/vaadin/vaadin-compatibility-client-compiled/8.0.0.alpha2/vaadin-compatibility-client-compiled-8.0.0.alpha2.jar:/home/ubuntu/.m2/repository/com/vaadin/vaadin-themes/8.0.0.alpha2/vaadin-themes-8.0.0.alpha2.jar:/home/ubuntu/.m2/repository/javax/servlet/javax.servlet-api/3.0.1/javax.servlet-api-3.0.1.jar:/home/ubuntu/.m2/repository/commons-beanutils/commons-beanutils/1.9.2/commons-beanutils-1.9.2.jar:/home/ubuntu/.m2/repository/commons-logging/commons-logging/1.1.1/commons-logging-1.1.1.jar:/home/ubuntu/.m2/repository/commons-collections/commons-collections/3.2.1/commons-collections-3.2.1.jar:"/>
    <property name="java.vm.vendor" value="Private Build"/>
    <property name="sun.arch.data.model" value="64"/>
    <property name="java.vendor.url" value="Unknown"/>
    <property name="os.name" value="Linux"/>
    <property name="java.vm.specification.version" value="17"/>
    <property name="sun.java.launcher" value="SUN_STANDARD"/>
    <property name="sun.boot.library.path" value="/usr/lib/jvm/java-17-openjdk-amd64/lib"/>
    <property name="sun.java.command" value="/home/ubuntu/CapstonePrj/addressbook/target/surefire/surefirebooter15591383764391164782.jar /home/ubuntu/CapstonePrj/addressbook/target/surefire 2023-03-26T22-31-40_092-jvmRun1 surefire5331600783624886368tmp surefire_012819028081089724627tmp"/>
    <property name="jdk.debug" value="release"/>
    <property name="surefire.test.class.path" value="/home/ubuntu/CapstonePrj/addressbook/target/test-classes:/home/ubuntu/CapstonePrj/addressbook/target/classes:/home/ubuntu/.m2/repository/org/junit/jupiter/junit-jupiter-engine/5.9.2/junit-jupiter-engine-5.9.2.jar:/home/ubuntu/.m2/repository/org/junit/platform/junit-platform-engine/1.9.2/junit-platform-engine-1.9.2.jar:/home/ubuntu/.m2/repository/org/opentest4j/opentest4j/1.2.0/opentest4j-1.2.0.jar:/home/ubuntu/.m2/repository/org/junit/platform/junit-platform-commons/1.9.2/junit-platform-commons-1.9.2.jar:/home/ubuntu/.m2/repository/org/junit/jupiter/junit-jupiter-api/5.9.2/junit-jupiter-api-5.9.2.jar:/home/ubuntu/.m2/repository/org/apiguardian/apiguardian-api/1.1.2/apiguardian-api-1.1.2.jar:/home/ubuntu/.m2/repository/com/vaadin/vaadin-compatibility-server/8.0.0.alpha2/vaadin-compatibility-server-8.0.0.alpha2.jar:/home/ubuntu/.m2/repository/com/vaadin/vaadin-server/8.0.0.alpha2/vaadin-server-8.0.0.alpha2.jar:/home/ubuntu/.m2/repository/com/vaadin/vaadin-sass-compiler/0.9.13/vaadin-sass-compiler-0.9.13.jar:/home/ubuntu/.m2/repository/org/w3c/css/sac/1.3/sac-1.3.jar:/home/ubuntu/.m2/repository/com/vaadin/external/flute/flute/1.3.0.gg2/flute-1.3.0.gg2.jar:/home/ubuntu/.m2/repository/com/yahoo/platform/yui/yuicompressor/2.4.8/yuicompressor-2.4.8.jar:/home/ubuntu/.m2/repository/rhino/js/1.7R2/js-1.7R2.jar:/home/ubuntu/.m2/repository/org/jsoup/jsoup/1.8.3/jsoup-1.8.3.jar:/home/ubuntu/.m2/repository/com/vaadin/vaadin-compatibility-shared/8.0.0.alpha2/vaadin-compatibility-shared-8.0.0.alpha2.jar:/home/ubuntu/.m2/repository/com/vaadin/vaadin-shared/8.0.0.alpha2/vaadin-shared-8.0.0.alpha2.jar:/home/ubuntu/.m2/repository/com/vaadin/vaadin-compatibility-client-compiled/8.0.0.alpha2/vaadin-compatibility-client-compiled-8.0.0.alpha2.jar:/home/ubuntu/.m2/repository/com/vaadin/vaadin-themes/8.0.0.alpha2/vaadin-themes-8.0.0.alpha2.jar:/home/ubuntu/.m2/repository/javax/servlet/javax.servlet-api/3.0.1/javax.servlet-api-3.0.1.jar:/home/ubuntu/.m2/repository/commons-beanutils/commons-beanutils/1.9.2/commons-beanutils-1.9.2.jar:/home/ubuntu/.m2/repository/commons-logging/commons-logging/1.1.1/commons-logging-1.1.1.jar:/home/ubuntu/.m2/repository/commons-collections/commons-collections/3.2.1/commons-collections-3.2.1.jar:"/>
    <property name="sun.cpu.endian" value="little"/>
    <property name="user.home" value="/home/ubuntu"/>
    <property name="user.language" value="en"/>
    <property name="java.specification.vendor" value="Oracle Corporation"/>
    <property name="java.version.date" value="2023-01-17"/>
    <property name="java.home" value="/usr/lib/jvm/java-17-openjdk-amd64"/>
    <property name="file.separator" value="/"/>
    <property name="basedir" value="/home/ubuntu/CapstonePrj/addressbook"/>
    <property name="java.vm.compressedOopsMode" value="32-bit"/>
    <property name="line.separator" value="&#10;"/>
    <property name="java.vm.specification.vendor" value="Oracle Corporation"/>
    <property name="java.specification.name" value="Java Platform API Specification"/>
    <property name="surefire.real.class.path" value="/home/ubuntu/CapstonePrj/addressbook/target/surefire/surefirebooter15591383764391164782.jar"/>
    <property name="sun.management.compiler" value="HotSpot 64-Bit Tiered Compilers"/>
    <property name="java.runtime.version" value="17.0.6+10-Ubuntu-0ubuntu122.04"/>
    <property name="user.name" value="ubuntu"/>
    <property name="path.separator" value=":"/>
    <property name="os.version" value="5.15.0-1028-aws"/>
    <property name="java.runtime.name" value="OpenJDK Runtime Environment"/>
    <property name="file.encoding" value="UTF-8"/>
    <property name="java.vm.name" value="OpenJDK 64-Bit Server VM"/>
    <property name="localRepository" value="/home/ubuntu/.m2/repository"/>
    <property name="java.vendor.url.bug" value="Unknown"/>
    <property name="java.io.tmpdir" value="/tmp"/>
    <property name="java.version" value="17.0.6"/>
    <property name="user.dir" value="/home/ubuntu/CapstonePrj/addressbook"/>
    <property name="os.arch" value="amd64"/>
    <property name="java.vm.specification.name" value="Java Virtual Machine Specification"/>
    <property name="native.encoding" value="UTF-8"/>
    <property name="java.library.path" value="/usr/java/packages/lib:/usr/lib/x86_64-linux-gnu/jni:/lib/x86_64-linux-gnu:/usr/lib/x86_64-linux-gnu:/usr/lib/jni:/lib:/usr/lib"/>
    <property name="java.vm.info" value="mixed mode, sharing"/>
    <property name="java.vendor" value="Private Build"/>
    <property name="java.vm.version" value="17.0.6+10-Ubuntu-0ubuntu122.04"/>
    <property name="sun.io.unicode.encoding" value="UnicodeLittle"/>
    <property name="java.class.version" value="61.0"/>
  </properties>
  <testcase name="testGetSession" classname="com.vaadin.tutorial.addressbook.AddressbookUITest" time="0.033"/>
  <testcase name="testGetUI" classname="com.vaadin.tutorial.addressbook.AddressbookUITest" time="0.003"/>
</testsuite>